w::1 - - [12/May/2025:00:58:54 +0000] "GET /api/rooms/8350d8b9-ee6b-4ec7-bba8-b734bdedab HTTP/1.1" 400 69
::1 - - [15/May/2025:19:53:37 +0000] "GET /api/auth/me?getFullData=true HTTP/1.1" 304 -
::1 - - [15/May/2025:19:53:38 +0000] "GET /api/rooms/my HTTP/1.1" 304 -
::1 - - [15/May/2025:19:53:40 +0000] "GET /api/auth/me?getFullData=true HTTP/1.1" 304 -
::1 - - [15/May/2025:19:53:40 +0000] "GET /api/rooms/my HTTP/1.1" 304 -
::1 - - [15/May/2025:19:53:41 +0000] "GET /api/auth/me?getFullData=true HTTP/1.1" 304 -
::1 - - [15/May/2025:19:53:41 +0000] "GET /api/rooms/8350d8b9-ee6b-4ec7-bba8-b734bdedab74 HTTP/1.1" 304 -
::1 - - [15/May/2025:19:53:41 +0000] "GET /api/auth/me?getFullData=false HTTP/1.1" 304 -
::1 - - [15/May/2025:19:53:43 +0000] "GET /api/auth/me?getFullData=true HTTP/1.1" 304 -
::1 - - [15/May/2025:19:53:43 +0000] "GET /api/rooms/8350d8b9-ee6b-4ec7-bba8-b734bdedab74 HTTP/1.1" 304 -
::1 - - [15/May/2025:19:53:47 +0000] "GET /api/auth/me?getFullData=true HTTP/1.1" 304 -
::1 - - [15/May/2025:19:53:48 +0000] "GET /api/rooms/my HTTP/1.1" 304 -
::1 - - [15/May/2025:19:53:49 +0000] "GET /api/auth/me?getFullData=true HTTP/1.1" 304 -
::1 - - [15/May/2025:19:53:49 +0000] "GET /api/auth/me?getFullData=false HTTP/1.1" 304 -
::1 - - [15/May/2025:19:53:49 +0000] "GET /api/rooms/8350d8b9-ee6b-4ec7-bba8-b734bdedab74 HTTP/1.1" 304 -
::1 - - [15/May/2025:19:53:49 +0000] "GET /api/auth/me?getFullData=true HTTP/1.1" 304 -
::1 - - [15/May/2025:19:53:49 +0000] "GET /api/rooms/8350d8b9-ee6b-4ec7-bba8-b734bdedab74 HTTP/1.1" 304 -
::1 - - [15/May/2025:19:53:54 +0000] "GET /api/rooms/8350d8b9-ee6b-4ec7-bba8-b734bdedab74?cursor=7d6b2bee-69ff-4791-b3b6-faaf2607a2b2 HTTP/1.1" 304 -
::1 - - [15/May/2025:19:53:59 +0000] "GET /api/rooms/8350d8b9-ee6b-4ec7-bba8-b734bdedab74?cursor=2f4be709-bea6-4a2b-a971-c75666032522 HTTP/1.1" 304 -
::1 - - [15/May/2025:19:54:01 +0000] "GET /api/rooms/8350d8b9-ee6b-4ec7-bba8-b734bdedab74?cursor=c8f039de-c168-4671-b988-91a9e8a33787 HTTP/1.1" 304 -
::1 - - [15/May/2025:19:54:03 +0000] "GET /api/rooms/8350d8b9-ee6b-4ec7-bba8-b734bdedab74?cursor=c8f039de-c168-4671-b988-91a9e8a33787 HTTP/1.1" 304 -
::1 - - [15/May/2025:19:54:19 +0000] "GET /api/rooms/8350d8b9-ee6b-4ec7-bba8-b734bdedab74?cursor=c8f039de-c168-4671-b988-91a9e8a33787 HTTP/1.1" 304 -
::1 - - [15/May/2025:20:12:04 +0000] "GET /api/auth/me?getFullData=true HTTP/1.1" 304 -
::1 - - [15/May/2025:20:12:04 +0000] "GET /api/auth/me?getFullData=false HTTP/1.1" 304 -
::1 - - [15/May/2025:20:12:05 +0000] "GET /api/rooms/8350d8b9-ee6b-4ec7-bba8-b734bdedab74 HTTP/1.1" 304 -
::1 - - [15/May/2025:20:13:15 +0000] "GET /api/auth/me?getFullData=true HTTP/1.1" 304 -
::1 - - [15/May/2025:20:13:15 +0000] "GET /api/rooms/8350d8b9-ee6b-4ec7-bba8-b734bdedab74 HTTP/1.1" 304 -
::1 - - [15/May/2025:20:13:16 +0000] "GET /api/auth/me?getFullData=true HTTP/1.1" 304 -
::1 - - [15/May/2025:20:13:16 +0000] "GET /api/rooms/8350d8b9-ee6b-4ec7-bba8-b734bdedab74 HTTP/1.1" 304 -
::1 - - [15/May/2025:20:13:29 +0000] "GET /api/auth/me?getFullData=true HTTP/1.1" 304 -
::1 - - [15/May/2025:20:13:30 +0000] "GET /api/rooms/8350d8b9-ee6b-4ec7-bba8-b734bdedab74 HTTP/1.1" 304 -
::1 - - [15/May/2025:20:13:30 +0000] "GET /api/auth/me?getFullData=true HTTP/1.1" 304 -
::1 - - [15/May/2025:20:13:30 +0000] "GET /api/rooms/8350d8b9-ee6b-4ec7-bba8-b734bdedab74 HTTP/1.1" 304 -
::1 - - [15/May/2025:20:13:31 +0000] "GET /api/auth/me?getFullData=true HTTP/1.1" 304 -
::1 - - [15/May/2025:20:13:31 +0000] "GET /api/rooms/8350d8b9-ee6b-4ec7-bba8-b734bdedab74 HTTP/1.1" 304 -
::1 - - [15/May/2025:20:13:32 +0000] "GET /api/auth/me?getFullData=true HTTP/1.1" 304 -
::1 - - [15/May/2025:20:13:32 +0000] "GET /api/rooms/8350d8b9-ee6b-4ec7-bba8-b734bdedab74 HTTP/1.1" 304 -
::1 - - [15/May/2025:20:13:34 +0000] "GET /api/auth/me?getFullData=true HTTP/1.1" 304 -
::1 - - [15/May/2025:20:13:34 +0000] "GET /api/auth/me?getFullData=false HTTP/1.1" 304 -
::1 - - [15/May/2025:20:13:34 +0000] "GET /api/rooms/8350d8b9-ee6b-4ec7-bba8-b734bdedab74 HTTP/1.1" 304 -
::1 - - [15/May/2025:20:13:40 +0000] "GET /api/auth/me?getFullData=true HTTP/1.1" 304 -
::1 - - [15/May/2025:20:13:40 +0000] "GET /api/auth/me?getFullData=false HTTP/1.1" 304 -
::1 - - [15/May/2025:20:13:40 +0000] "GET /api/rooms/8350d8b9-ee6b-4ec7-bba8-b734bdedab74 HTTP/1.1" 304 -
::1 - - [15/May/2025:20:13:51 +0000] "GET /api/auth/me?getFullData=true HTTP/1.1" 304 -
::1 - - [15/May/2025:20:13:51 +0000] "GET /api/rooms/8350d8b9-ee6b-4ec7-bba8-b734bdedab74 HTTP/1.1" 304 -
::1 - - [15/May/2025:20:13:52 +0000] "GET /api/auth/me?getFullData=true HTTP/1.1" 304 -
::1 - - [15/May/2025:20:13:52 +0000] "GET /api/rooms/8350d8b9-ee6b-4ec7-bba8-b734bdedab74 HTTP/1.1" 304 -
::1 - - [15/May/2025:20:13:53 +0000] "GET /api/auth/me?getFullData=true HTTP/1.1" 304 -
::1 - - [15/May/2025:20:13:53 +0000] "GET /api/rooms/8350d8b9-ee6b-4ec7-bba8-b734bdedab74 HTTP/1.1" 304 -
::1 - - [15/May/2025:20:13:54 +0000] "GET /api/auth/me?getFullData=true HTTP/1.1" 304 -
::1 - - [15/May/2025:20:13:54 +0000] "GET /api/rooms/8350d8b9-ee6b-4ec7-bba8-b734bdedab74 HTTP/1.1" 304 -
::1 - - [15/May/2025:20:14:07 +0000] "GET /api/auth/me?getFullData=true HTTP/1.1" 304 -
::1 - - [15/May/2025:20:14:07 +0000] "GET /api/rooms/8350d8b9-ee6b-4ec7-bba8-b734bdedab74 HTTP/1.1" 304 -
::1 - - [15/May/2025:20:14:08 +0000] "GET /api/auth/me?getFullData=true HTTP/1.1" 304 -
::1 - - [15/May/2025:20:14:08 +0000] "GET /api/rooms/8350d8b9-ee6b-4ec7-bba8-b734bdedab74 HTTP/1.1" 304 -
::1 - - [15/May/2025:20:15:27 +0000] "GET /api/auth/me?getFullData=true HTTP/1.1" 304 -
::1 - - [15/May/2025:20:15:27 +0000] "GET /api/auth/me?getFullData=false HTTP/1.1" 304 -
::1 - - [15/May/2025:20:15:27 +0000] "GET /api/rooms/8350d8b9-ee6b-4ec7-bba8-b734bdedab74 HTTP/1.1" 304 -
::1 - - [15/May/2025:20:19:46 +0000] "GET /api/auth/me?getFullData=true HTTP/1.1" 304 -
::1 - - [15/May/2025:20:19:46 +0000] "GET /api/auth/me?getFullData=false HTTP/1.1" 304 -
::1 - - [15/May/2025:20:19:46 +0000] "GET /api/rooms/8350d8b9-ee6b-4ec7-bba8-b734bdedab74 HTTP/1.1" 304 -
::1 - - [15/May/2025:20:20:08 +0000] "GET /api/auth/me?getFullData=true HTTP/1.1" 304 -
::1 - - [15/May/2025:20:20:08 +0000] "GET /api/auth/me?getFullData=false HTTP/1.1" 304 -
::1 - - [15/May/2025:20:20:09 +0000] "GET /api/rooms/8350d8b9-ee6b-4ec7-bba8-b734bdedab74 HTTP/1.1" 304 -
::1 - - [15/May/2025:20:20:27 +0000] "GET /api/auth/me?getFullData=false HTTP/1.1" 304 -
::1 - - [15/May/2025:20:20:27 +0000] "GET /api/auth/me?getFullData=true HTTP/1.1" 304 -
::1 - - [15/May/2025:20:20:27 +0000] "GET /api/rooms/8350d8b9-ee6b-4ec7-bba8-b734bdedab74 HTTP/1.1" 304 -
::1 - - [15/May/2025:20:20:34 +0000] "GET /api/auth/me?getFullData=true HTTP/1.1" 304 -
::1 - - [15/May/2025:20:20:34 +0000] "GET /api/auth/me?getFullData=false HTTP/1.1" 304 -
::1 - - [15/May/2025:20:20:34 +0000] "GET /api/rooms/8350d8b9-ee6b-4ec7-bba8-b734bdedab74 HTTP/1.1" 304 -
::1 - - [15/May/2025:20:20:38 +0000] "GET /api/auth/me?getFullData=true HTTP/1.1" 304 -
::1 - - [15/May/2025:20:20:38 +0000] "GET /api/auth/me?getFullData=false HTTP/1.1" 304 -
::1 - - [15/May/2025:20:20:38 +0000] "GET /api/rooms/8350d8b9-ee6b-4ec7-bba8-b734bdedab74 HTTP/1.1" 304 -
::1 - - [15/May/2025:20:20:39 +0000] "GET /api/auth/me?getFullData=true HTTP/1.1" 304 -
::1 - - [15/May/2025:20:20:39 +0000] "GET /api/auth/me?getFullData=false HTTP/1.1" 304 -
::1 - - [15/May/2025:20:20:39 +0000] "GET /api/rooms/8350d8b9-ee6b-4ec7-bba8-b734bdedab74 HTTP/1.1" 304 -
::1 - - [15/May/2025:20:20:55 +0000] "GET /api/auth/me?getFullData=true HTTP/1.1" 304 -
::1 - - [15/May/2025:20:20:55 +0000] "GET /api/auth/me?getFullData=false HTTP/1.1" 304 -
::1 - - [15/May/2025:20:20:55 +0000] "GET /api/rooms/8350d8b9-ee6b-4ec7-bba8-b734bdedab74 HTTP/1.1" 304 -
::1 - - [15/May/2025:20:21:08 +0000] "GET /api/auth/me?getFullData=true HTTP/1.1" 304 -
::1 - - [15/May/2025:20:21:08 +0000] "GET /api/auth/me?getFullData=false HTTP/1.1" 304 -
::1 - - [15/May/2025:20:21:08 +0000] "GET /api/rooms/8350d8b9-ee6b-4ec7-bba8-b734bdedab74 HTTP/1.1" 304 -
::1 - - [15/May/2025:20:21:12 +0000] "GET /api/auth/me?getFullData=true HTTP/1.1" 304 -
::1 - - [15/May/2025:20:21:12 +0000] "GET /api/auth/me?getFullData=false HTTP/1.1" 304 -
::1 - - [15/May/2025:20:21:12 +0000] "GET /api/rooms/8350d8b9-ee6b-4ec7-bba8-b734bdedab74 HTTP/1.1" 304 -
::1 - - [15/May/2025:20:21:19 +0000] "GET /api/auth/me?getFullData=false HTTP/1.1" 304 -
::1 - - [15/May/2025:20:21:19 +0000] "GET /api/auth/me?getFullData=true HTTP/1.1" 304 -
::1 - - [15/May/2025:20:21:19 +0000] "GET /api/rooms/8350d8b9-ee6b-4ec7-bba8-b734bdedab74 HTTP/1.1" 304 -
::1 - - [15/May/2025:20:21:26 +0000] "GET /api/auth/me?getFullData=true HTTP/1.1" 304 -
::1 - - [15/May/2025:20:21:26 +0000] "GET /api/auth/me?getFullData=false HTTP/1.1" 304 -
::1 - - [15/May/2025:20:21:26 +0000] "GET /api/rooms/8350d8b9-ee6b-4ec7-bba8-b734bdedab74 HTTP/1.1" 304 -
::1 - - [15/May/2025:20:21:46 +0000] "GET /api/auth/me?getFullData=true HTTP/1.1" 304 -
::1 - - [15/May/2025:20:21:46 +0000] "GET /api/auth/me?getFullData=false HTTP/1.1" 304 -
::1 - - [15/May/2025:20:21:46 +0000] "GET /api/rooms/8350d8b9-ee6b-4ec7-bba8-b734bdedab74 HTTP/1.1" 304 -
::1 - - [15/May/2025:20:21:54 +0000] "GET /api/auth/me?getFullData=true HTTP/1.1" 304 -
::1 - - [15/May/2025:20:21:54 +0000] "GET /api/auth/me?getFullData=false HTTP/1.1" 304 -
::1 - - [15/May/2025:20:21:54 +0000] "GET /api/rooms/8350d8b9-ee6b-4ec7-bba8-b734bdedab74 HTTP/1.1" 304 -
::1 - - [15/May/2025:20:22:00 +0000] "GET /api/auth/me?getFullData=true HTTP/1.1" 304 -
::1 - - [15/May/2025:20:22:00 +0000] "GET /api/auth/me?getFullData=false HTTP/1.1" 304 -
::1 - - [15/May/2025:20:22:00 +0000] "GET /api/rooms/8350d8b9-ee6b-4ec7-bba8-b734bdedab74 HTTP/1.1" 304 -
::1 - - [15/May/2025:20:22:05 +0000] "GET /api/auth/me?getFullData=true HTTP/1.1" 304 -
::1 - - [15/May/2025:20:22:05 +0000] "GET /api/auth/me?getFullData=false HTTP/1.1" 304 -
::1 - - [15/May/2025:20:22:05 +0000] "GET /api/rooms/8350d8b9-ee6b-4ec7-bba8-b734bdedab74 HTTP/1.1" 304 -
::1 - - [15/May/2025:20:22:20 +0000] "GET /api/auth/me?getFullData=true HTTP/1.1" 304 -
::1 - - [15/May/2025:20:22:20 +0000] "GET /api/auth/me?getFullData=false HTTP/1.1" 304 -
::1 - - [15/May/2025:20:22:20 +0000] "GET /api/rooms/8350d8b9-ee6b-4ec7-bba8-b734bdedab74 HTTP/1.1" 304 -
::1 - - [15/May/2025:20:22:25 +0000] "GET /api/auth/me?getFullData=true HTTP/1.1" 304 -
::1 - - [15/May/2025:20:22:25 +0000] "GET /api/auth/me?getFullData=false HTTP/1.1" 304 -
::1 - - [15/May/2025:20:22:25 +0000] "GET /api/rooms/8350d8b9-ee6b-4ec7-bba8-b734bdedab74 HTTP/1.1" 304 -
::1 - - [15/May/2025:20:22:29 +0000] "GET /api/auth/me?getFullData=true HTTP/1.1" 304 -
::1 - - [15/May/2025:20:22:29 +0000] "GET /api/auth/me?getFullData=false HTTP/1.1" 304 -
::1 - - [15/May/2025:20:22:29 +0000] "GET /api/rooms/8350d8b9-ee6b-4ec7-bba8-b734bdedab74 HTTP/1.1" 304 -
::1 - - [15/May/2025:20:22:39 +0000] "GET /api/auth/me?getFullData=true HTTP/1.1" 304 -
::1 - - [15/May/2025:20:22:39 +0000] "GET /api/rooms/8350d8b9-ee6b-4ec7-bba8-b734bdedab74 HTTP/1.1" 304 -
::1 - - [15/May/2025:20:22:39 +0000] "GET /api/auth/me?getFullData=false HTTP/1.1" 304 -
::1 - - [15/May/2025:20:22:59 +0000] "GET /api/auth/me?getFullData=true HTTP/1.1" 304 -
::1 - - [15/May/2025:20:22:59 +0000] "GET /api/auth/me?getFullData=false HTTP/1.1" 304 -
::1 - - [15/May/2025:20:22:59 +0000] "GET /api/rooms/8350d8b9-ee6b-4ec7-bba8-b734bdedab74 HTTP/1.1" 304 -
::1 - - [15/May/2025:20:23:03 +0000] "GET /api/auth/me?getFullData=true HTTP/1.1" 304 -
::1 - - [15/May/2025:20:23:03 +0000] "GET /api/auth/me?getFullData=false HTTP/1.1" 304 -
::1 - - [15/May/2025:20:23:03 +0000] "GET /api/rooms/8350d8b9-ee6b-4ec7-bba8-b734bdedab74 HTTP/1.1" 304 -
::1 - - [15/May/2025:20:23:49 +0000] "GET /api/auth/me?getFullData=true HTTP/1.1" 304 -
::1 - - [15/May/2025:20:23:49 +0000] "GET /api/auth/me?getFullData=false HTTP/1.1" 304 -
::1 - - [15/May/2025:20:23:49 +0000] "GET /api/rooms/8350d8b9-ee6b-4ec7-bba8-b734bdedab74 HTTP/1.1" 304 -
::1 - - [15/May/2025:20:31:26 +0000] "GET /api/auth/me?getFullData=true HTTP/1.1" 304 -
::1 - - [15/May/2025:20:31:26 +0000] "GET /api/auth/me?getFullData=false HTTP/1.1" 304 -
::1 - - [15/May/2025:20:31:26 +0000] "GET /api/rooms/8350d8b9-ee6b-4ec7-bba8-b734bdedab74 HTTP/1.1" 304 -
::1 - - [15/May/2025:20:34:24 +0000] "GET /api/auth/me?getFullData=true HTTP/1.1" 304 -
::1 - - [15/May/2025:20:34:24 +0000] "GET /api/auth/me?getFullData=false HTTP/1.1" 304 -
::1 - - [15/May/2025:20:34:24 +0000] "GET /api/rooms/8350d8b9-ee6b-4ec7-bba8-b734bdedab74 HTTP/1.1" 304 -
::1 - - [15/May/2025:20:34:46 +0000] "GET /api/auth/me?getFullData=true HTTP/1.1" 304 -
::1 - - [15/May/2025:20:34:46 +0000] "GET /api/rooms/my HTTP/1.1" 304 -
::1 - - [15/May/2025:20:34:47 +0000] "GET /api/auth/me?getFullData=true HTTP/1.1" 304 -
::1 - - [15/May/2025:20:34:47 +0000] "GET /api/rooms/8350d8b9-ee6b-4ec7-bba8-b734bdedab74 HTTP/1.1" 304 -
::1 - - [15/May/2025:20:34:47 +0000] "GET /api/auth/me?getFullData=false HTTP/1.1" 304 -
::1 - - [15/May/2025:20:34:49 +0000] "GET /api/auth/me?getFullData=true HTTP/1.1" 304 -
::1 - - [15/May/2025:20:34:49 +0000] "GET /api/rooms/8350d8b9-ee6b-4ec7-bba8-b734bdedab74 HTTP/1.1" 304 -
::1 - - [15/May/2025:20:35:38 +0000] "GET /api/auth/me?getFullData=false HTTP/1.1" 304 -
::1 - - [15/May/2025:20:35:38 +0000] "GET /api/auth/me?getFullData=true HTTP/1.1" 304 -
::1 - - [15/May/2025:20:35:38 +0000] "GET /api/rooms/8350d8b9-ee6b-4ec7-bba8-b734bdedab74 HTTP/1.1" 304 -
::1 - - [15/May/2025:20:35:45 +0000] "GET /api/rooms/8350d8b9-ee6b-4ec7-bba8-b734bdedab74?cursor=7d6b2bee-69ff-4791-b3b6-faaf2607a2b2 HTTP/1.1" 304 -
::1 - - [15/May/2025:20:35:54 +0000] "GET /api/auth/me?getFullData=true HTTP/1.1" 304 -
::1 - - [15/May/2025:20:35:54 +0000] "GET /api/auth/me?getFullData=false HTTP/1.1" 304 -
::1 - - [15/May/2025:20:35:54 +0000] "GET /api/rooms/8350d8b9-ee6b-4ec7-bba8-b734bdedab74 HTTP/1.1" 304 -
::1 - - [15/May/2025:20:36:29 +0000] "GET /api/auth/me?getFullData=true HTTP/1.1" 304 -
::1 - - [15/May/2025:20:36:29 +0000] "GET /api/auth/me?getFullData=false HTTP/1.1" 304 -
::1 - - [15/May/2025:20:36:29 +0000] "GET /api/rooms/8350d8b9-ee6b-4ec7-bba8-b734bdedab74 HTTP/1.1" 304 -
::1 - - [15/May/2025:20:36:32 +0000] "GET /api/auth/me?getFullData=true HTTP/1.1" 304 -
::1 - - [15/May/2025:20:36:32 +0000] "GET /api/rooms/my HTTP/1.1" 304 -
::1 - - [15/May/2025:20:36:33 +0000] "GET /api/auth/me?getFullData=true HTTP/1.1" 304 -
::1 - - [15/May/2025:20:36:33 +0000] "GET /api/rooms/8350d8b9-ee6b-4ec7-bba8-b734bdedab74 HTTP/1.1" 304 -
::1 - - [15/May/2025:20:36:34 +0000] "GET /api/auth/me?getFullData=true HTTP/1.1" 304 -
::1 - - [15/May/2025:20:36:34 +0000] "GET /api/rooms/8350d8b9-ee6b-4ec7-bba8-b734bdedab74 HTTP/1.1" 304 -
::1 - - [15/May/2025:20:37:45 +0000] "GET /api/auth/me?getFullData=true HTTP/1.1" 304 -
::1 - - [15/May/2025:20:37:45 +0000] "GET /api/auth/me?getFullData=false HTTP/1.1" 304 -
::1 - - [15/May/2025:20:37:45 +0000] "GET /api/rooms/8350d8b9-ee6b-4ec7-bba8-b734bdedab74 HTTP/1.1" 304 -
::1 - - [15/May/2025:20:39:27 +0000] "GET /api/auth/me?getFullData=false HTTP/1.1" 200 1231
::1 - - [15/May/2025:20:39:38 +0000] "GET /api/auth/me?getFullData=true HTTP/1.1" 200 1231
::1 - - [15/May/2025:20:39:38 +0000] "GET /api/auth/me?getFullData=false HTTP/1.1" 304 -
::1 - - [15/May/2025:20:39:38 +0000] "GET /api/rooms/8350d8b9-ee6b-4ec7-bba8-b734bdedab74 HTTP/1.1" 200 22757
::1 - - [15/May/2025:20:39:44 +0000] "GET /api/auth/me?getFullData=true HTTP/1.1" 304 -
::1 - - [15/May/2025:20:39:44 +0000] "GET /api/rooms/my HTTP/1.1" 304 -
::1 - - [15/May/2025:20:39:45 +0000] "GET /api/auth/me?getFullData=true HTTP/1.1" 304 -
::1 - - [15/May/2025:20:39:45 +0000] "GET /api/rooms/8350d8b9-ee6b-4ec7-bba8-b734bdedab74 HTTP/1.1" 304 -
::1 - - [15/May/2025:20:39:45 +0000] "GET /api/auth/me?getFullData=true HTTP/1.1" 304 -
::1 - - [15/May/2025:20:39:46 +0000] "GET /api/rooms/8350d8b9-ee6b-4ec7-bba8-b734bdedab74 HTTP/1.1" 304 -
::1 - - [15/May/2025:20:39:50 +0000] "GET /api/auth/me?getFullData=true HTTP/1.1" 304 -
::1 - - [15/May/2025:20:39:51 +0000] "GET /api/rooms/my HTTP/1.1" 304 -
::1 - - [15/May/2025:20:39:51 +0000] "GET /api/auth/me?getFullData=true HTTP/1.1" 304 -
::1 - - [15/May/2025:20:39:51 +0000] "GET /api/rooms/8350d8b9-ee6b-4ec7-bba8-b734bdedab74 HTTP/1.1" 304 -
::1 - - [15/May/2025:20:39:51 +0000] "GET /api/auth/me?getFullData=true HTTP/1.1" 304 -
::1 - - [15/May/2025:20:39:51 +0000] "GET /api/rooms/8350d8b9-ee6b-4ec7-bba8-b734bdedab74 HTTP/1.1" 304 -
::1 - - [15/May/2025:20:40:22 +0000] "GET /api/auth/me?getFullData=true HTTP/1.1" 304 -
::1 - - [15/May/2025:20:40:22 +0000] "GET /api/auth/me?getFullData=false HTTP/1.1" 304 -
::1 - - [15/May/2025:20:40:23 +0000] "GET /api/rooms/8350d8b9-ee6b-4ec7-bba8-b734bdedab74 HTTP/1.1" 304 -
::1 - - [15/May/2025:20:40:47 +0000] "GET /api/auth/me?getFullData=true HTTP/1.1" 304 -
::1 - - [15/May/2025:20:40:47 +0000] "GET /api/auth/me?getFullData=false HTTP/1.1" 304 -
::1 - - [15/May/2025:20:40:47 +0000] "GET /api/rooms/8350d8b9-ee6b-4ec7-bba8-b734bdedab74 HTTP/1.1" 304 -
::1 - - [15/May/2025:20:41:04 +0000] "GET /api/auth/me?getFullData=true HTTP/1.1" 200 1231
::1 - - [15/May/2025:20:41:04 +0000] "GET /api/auth/me?getFullData=false HTTP/1.1" 304 -
::1 - - [15/May/2025:20:41:04 +0000] "GET /api/rooms/8350d8b9-ee6b-4ec7-bba8-b734bdedab74 HTTP/1.1" 304 -
::1 - - [15/May/2025:20:41:26 +0000] "GET /api/auth/me?getFullData=true HTTP/1.1" 304 -
::1 - - [15/May/2025:20:41:26 +0000] "GET /api/auth/me?getFullData=false HTTP/1.1" 304 -
::1 - - [15/May/2025:20:41:26 +0000] "GET /api/rooms/8350d8b9-ee6b-4ec7-bba8-b734bdedab74 HTTP/1.1" 304 -
::1 - - [15/May/2025:20:41:51 +0000] "GET /api/auth/me?getFullData=true HTTP/1.1" 304 -
::1 - - [15/May/2025:20:41:51 +0000] "GET /api/auth/me?getFullData=false HTTP/1.1" 304 -
::1 - - [15/May/2025:20:41:51 +0000] "GET /api/rooms/8350d8b9-ee6b-4ec7-bba8-b734bdedab74 HTTP/1.1" 304 -
::1 - - [15/May/2025:20:42:32 +0000] "GET /api/auth/me?getFullData=false HTTP/1.1" 304 -
::1 - - [15/May/2025:20:42:32 +0000] "GET /api/auth/me?getFullData=true HTTP/1.1" 304 -
::1 - - [15/May/2025:20:42:32 +0000] "GET /api/rooms/8350d8b9-ee6b-4ec7-bba8-b734bdedab74 HTTP/1.1" 200 22400
::1 - - [15/May/2025:20:43:02 +0000] "GET /api/auth/me?getFullData=false HTTP/1.1" 304 -
::1 - - [15/May/2025:20:43:02 +0000] "GET /api/auth/me?getFullData=true HTTP/1.1" 304 -
::1 - - [15/May/2025:20:43:02 +0000] "GET /api/rooms/8350d8b9-ee6b-4ec7-bba8-b734bdedab74 HTTP/1.1" 304 -
::1 - - [15/May/2025:20:43:28 +0000] "GET /api/auth/me?getFullData=false HTTP/1.1" 304 -
::1 - - [15/May/2025:20:43:28 +0000] "GET /api/auth/me?getFullData=true HTTP/1.1" 304 -
::1 - - [15/May/2025:20:43:29 +0000] "GET /api/rooms/8350d8b9-ee6b-4ec7-bba8-b734bdedab74 HTTP/1.1" 304 -
::1 - - [15/May/2025:20:44:36 +0000] "GET /api/auth/me?getFullData=true HTTP/1.1" 304 -
::1 - - [15/May/2025:20:44:36 +0000] "GET /api/auth/me?getFullData=false HTTP/1.1" 304 -
::1 - - [15/May/2025:20:44:36 +0000] "GET /api/rooms/8350d8b9-ee6b-4ec7-bba8-b734bdedab74 HTTP/1.1" 200 22065
::1 - - [15/May/2025:20:45:38 +0000] "GET /api/auth/me?getFullData=false HTTP/1.1" 304 -
::1 - - [15/May/2025:20:45:41 +0000] "GET /api/auth/me?getFullData=false HTTP/1.1" 304 -
::1 - - [15/May/2025:20:45:53 +0000] "GET /api/auth/me?getFullData=false HTTP/1.1" 304 -
::1 - - [15/May/2025:20:46:16 +0000] "GET /api/auth/me?getFullData=true HTTP/1.1" 200 1330
::1 - - [15/May/2025:20:46:17 +0000] "GET /api/auth/me?getFullData=false HTTP/1.1" 200 1330
::1 - - [15/May/2025:20:46:17 +0000] "GET /api/rooms/8350d8b9-ee6b-4ec7-bba8-b734bdedab74 HTTP/1.1" 200 21736
::1 - - [15/May/2025:20:46:31 +0000] "GET /api/auth/me?getFullData=true HTTP/1.1" 304 -
::1 - - [15/May/2025:20:46:31 +0000] "GET /api/auth/me?getFullData=false HTTP/1.1" 304 -
::1 - - [15/May/2025:20:46:31 +0000] "GET /api/rooms/8350d8b9-ee6b-4ec7-bba8-b734bdedab74 HTTP/1.1" 200 22840
::1 - - [15/May/2025:20:49:04 +0000] "GET /api/auth/me?getFullData=true HTTP/1.1" 304 -
::1 - - [15/May/2025:20:49:04 +0000] "GET /api/auth/me?getFullData=true HTTP/1.1" 304 -
::1 - - [15/May/2025:20:49:04 +0000] "GET /api/auth/me?getFullData=false HTTP/1.1" 304 -
::1 - - [15/May/2025:20:49:04 +0000] "GET /api/rooms/8350d8b9-ee6b-4ec7-bba8-b734bdedab74 HTTP/1.1" 200 23074
::1 - - [15/May/2025:20:49:04 +0000] "GET /api/auth/me?getFullData=false HTTP/1.1" 304 -
::1 - - [15/May/2025:20:49:04 +0000] "GET /api/rooms/8350d8b9-ee6b-4ec7-bba8-b734bdedab74 HTTP/1.1" 200 23074
::1 - - [15/May/2025:20:49:29 +0000] "GET /api/auth/me?getFullData=true HTTP/1.1" 304 -
::1 - - [15/May/2025:20:49:29 +0000] "GET /api/auth/me?getFullData=false HTTP/1.1" 304 -
::1 - - [15/May/2025:20:49:29 +0000] "GET /api/rooms/8350d8b9-ee6b-4ec7-bba8-b734bdedab74 HTTP/1.1" 200 22736
::1 - - [15/May/2025:20:50:10 +0000] "GET /api/auth/me?getFullData=true HTTP/1.1" 304 -
::1 - - [15/May/2025:20:50:10 +0000] "GET /api/auth/me?getFullData=false HTTP/1.1" 304 -
::1 - - [15/May/2025:20:50:10 +0000] "GET /api/rooms/8350d8b9-ee6b-4ec7-bba8-b734bdedab74 HTTP/1.1" 200 23072
::1 - - [15/May/2025:20:50:48 +0000] "GET /api/auth/me?getFullData=true HTTP/1.1" 304 -
::1 - - [15/May/2025:20:50:48 +0000] "GET /api/auth/me?getFullData=false HTTP/1.1" 304 -
::1 - - [15/May/2025:20:50:48 +0000] "GET /api/rooms/8350d8b9-ee6b-4ec7-bba8-b734bdedab74 HTTP/1.1" 200 22735
::1 - - [15/May/2025:20:53:15 +0000] "GET /api/auth/me?getFullData=true HTTP/1.1" 304 -
::1 - - [15/May/2025:20:53:15 +0000] "GET /api/auth/me?getFullData=false HTTP/1.1" 304 -
::1 - - [15/May/2025:20:53:15 +0000] "GET /api/rooms/8350d8b9-ee6b-4ec7-bba8-b734bdedab74 HTTP/1.1" 200 23070
::1 - - [15/May/2025:20:53:15 +0000] "GET /api/auth/me?getFullData=true HTTP/1.1" 304 -
::1 - - [15/May/2025:20:53:15 +0000] "GET /api/rooms/8350d8b9-ee6b-4ec7-bba8-b734bdedab74 HTTP/1.1" 200 23070
::1 - - [15/May/2025:20:53:15 +0000] "GET /api/auth/me?getFullData=true HTTP/1.1" 304 -
::1 - - [15/May/2025:20:53:15 +0000] "GET /api/auth/me?getFullData=false HTTP/1.1" 304 -
::1 - - [15/May/2025:20:53:15 +0000] "GET /api/rooms/8350d8b9-ee6b-4ec7-bba8-b734bdedab74 HTTP/1.1" 304 -
::1 - - [15/May/2025:20:53:15 +0000] "GET /api/auth/me?getFullData=false HTTP/1.1" 304 -
::1 - - [15/May/2025:20:53:27 +0000] "GET /api/auth/me?getFullData=true HTTP/1.1" 304 -
::1 - - [15/May/2025:20:53:28 +0000] "GET /api/auth/me?getFullData=false HTTP/1.1" 304 -
::1 - - [15/May/2025:20:53:28 +0000] "GET /api/rooms/8350d8b9-ee6b-4ec7-bba8-b734bdedab74 HTTP/1.1" 200 22736
::1 - - [15/May/2025:21:00:11 +0000] "GET /api/auth/me?getFullData=false HTTP/1.1" 304 -
::1 - - [15/May/2025:21:00:11 +0000] "GET /api/auth/me?getFullData=true HTTP/1.1" 304 -
::1 - - [15/May/2025:21:00:11 +0000] "GET /api/rooms/8350d8b9-ee6b-4ec7-bba8-b734bdedab74 HTTP/1.1" 200 22028
::1 - - [15/May/2025:21:00:33 +0000] "GET /api/auth/me?getFullData=false HTTP/1.1" 304 -
::1 - - [15/May/2025:21:00:33 +0000] "GET /api/auth/me?getFullData=true HTTP/1.1" 304 -
::1 - - [15/May/2025:21:00:33 +0000] "GET /api/rooms/8350d8b9-ee6b-4ec7-bba8-b734bdedab74 HTTP/1.1" 200 22034
::1 - - [15/May/2025:21:01:46 +0000] "GET /api/rooms/8350d8b9-ee6b-4ec7-bba8-b734bdedab74?cursor=13a450a9-b4cb-4459-a518-5c21d12426d4 HTTP/1.1" 200 23089
::1 - - [15/May/2025:21:01:48 +0000] "GET /api/rooms/8350d8b9-ee6b-4ec7-bba8-b734bdedab74?cursor=75d5eff7-d1da-4c1d-a8dd-50e79577a8a7 HTTP/1.1" 200 23425
::1 - - [15/May/2025:21:01:49 +0000] "GET /api/rooms/8350d8b9-ee6b-4ec7-bba8-b734bdedab74?cursor=efcffc37-fd9c-4984-a59a-3ab3d5ee2c41 HTTP/1.1" 200 7241
::1 - - [15/May/2025:22:50:20 +0000] "GET /api/auth/me?getFullData=true HTTP/1.1" 304 -
::1 - - [15/May/2025:22:50:20 +0000] "GET /api/rooms/my HTTP/1.1" 200 1196
::1 - - [15/May/2025:22:50:55 +0000] "GET /api/auth/me?getFullData=true HTTP/1.1" 304 -
::1 - - [15/May/2025:22:50:55 +0000] "GET /api/rooms/my HTTP/1.1" 304 -
::1 - - [15/May/2025:22:50:58 +0000] "GET /api/auth/me?getFullData=true HTTP/1.1" 304 -
::1 - - [15/May/2025:22:50:58 +0000] "GET /api/auth/me?getFullData=false HTTP/1.1" 304 -
::1 - - [15/May/2025:22:50:58 +0000] "GET /api/rooms/8350d8b9-ee6b-4ec7-bba8-b734bdedab74 HTTP/1.1" 200 25055
::1 - - [15/May/2025:22:50:58 +0000] "GET /api/auth/me?getFullData=true HTTP/1.1" 304 -
::1 - - [15/May/2025:22:50:58 +0000] "GET /api/rooms/8350d8b9-ee6b-4ec7-bba8-b734bdedab74 HTTP/1.1" 304 -
::1 - - [15/May/2025:23:17:21 +0000] "GET /api/auth/me?getFullData=true HTTP/1.1" 200 1231
::1 - - [15/May/2025:23:17:21 +0000] "GET /api/auth/me?getFullData=false HTTP/1.1" 200 1231
::1 - - [15/May/2025:23:17:21 +0000] "GET /api/auth/me?getFullData=true HTTP/1.1" 304 -
::1 - - [15/May/2025:23:17:21 +0000] "GET /api/auth/me?getFullData=true HTTP/1.1" 304 -
::1 - - [15/May/2025:23:17:21 +0000] "GET /api/auth/me?getFullData=false HTTP/1.1" 304 -
::1 - - [15/May/2025:23:17:21 +0000] "GET /api/rooms/8350d8b9-ee6b-4ec7-bba8-b734bdedab74 HTTP/1.1" 200 24325
::1 - - [15/May/2025:23:17:21 +0000] "GET /api/rooms/8350d8b9-ee6b-4ec7-bba8-b734bdedab74 HTTP/1.1" 200 24325
::1 - - [15/May/2025:23:17:21 +0000] "GET /api/auth/me?getFullData=false HTTP/1.1" 304 -
::1 - - [15/May/2025:23:17:21 +0000] "GET /api/rooms/8350d8b9-ee6b-4ec7-bba8-b734bdedab74 HTTP/1.1" 304 -
::1 - - [15/May/2025:23:17:27 +0000] "GET /api/auth/me?getFullData=true HTTP/1.1" 304 -
::1 - - [15/May/2025:23:17:27 +0000] "GET /api/auth/me?getFullData=false HTTP/1.1" 304 -
::1 - - [15/May/2025:23:17:28 +0000] "GET /api/auth/me?getFullData=true HTTP/1.1" 304 -
::1 - - [15/May/2025:23:17:28 +0000] "GET /api/rooms/8350d8b9-ee6b-4ec7-bba8-b734bdedab74 HTTP/1.1" 304 -
::1 - - [15/May/2025:23:17:28 +0000] "GET /api/auth/me?getFullData=true HTTP/1.1" 304 -
::1 - - [15/May/2025:23:17:28 +0000] "GET /api/rooms/8350d8b9-ee6b-4ec7-bba8-b734bdedab74 HTTP/1.1" 304 -
::1 - - [15/May/2025:23:17:28 +0000] "GET /api/auth/me?getFullData=false HTTP/1.1" 304 -
::1 - - [15/May/2025:23:17:28 +0000] "GET /api/auth/me?getFullData=false HTTP/1.1" 304 -
::1 - - [15/May/2025:23:17:28 +0000] "GET /api/rooms/8350d8b9-ee6b-4ec7-bba8-b734bdedab74 HTTP/1.1" 304 -
::1 - - [15/May/2025:23:17:40 +0000] "GET /api/auth/me?getFullData=true HTTP/1.1" 304 -
::1 - - [15/May/2025:23:17:40 +0000] "GET /api/auth/me?getFullData=false HTTP/1.1" 304 -
::1 - - [15/May/2025:23:17:40 +0000] "GET /api/rooms/8350d8b9-ee6b-4ec7-bba8-b734bdedab74 HTTP/1.1" 304 -
::1 - - [15/May/2025:23:17:41 +0000] "GET /api/auth/me?getFullData=true HTTP/1.1" 304 -
::1 - - [15/May/2025:23:17:41 +0000] "GET /api/auth/me?getFullData=true HTTP/1.1" 304 -
::1 - - [15/May/2025:23:17:41 +0000] "GET /api/rooms/8350d8b9-ee6b-4ec7-bba8-b734bdedab74 HTTP/1.1" 304 -
::1 - - [15/May/2025:23:17:41 +0000] "GET /api/auth/me?getFullData=false HTTP/1.1" 304 -
::1 - - [15/May/2025:23:17:41 +0000] "GET /api/auth/me?getFullData=false HTTP/1.1" 304 -
::1 - - [15/May/2025:23:17:41 +0000] "GET /api/rooms/8350d8b9-ee6b-4ec7-bba8-b734bdedab74 HTTP/1.1" 304 -
::1 - - [15/May/2025:23:17:45 +0000] "GET /api/auth/me?getFullData=false HTTP/1.1" 304 -
::1 - - [15/May/2025:23:17:45 +0000] "GET /api/auth/me?getFullData=false HTTP/1.1" 304 -
::1 - - [15/May/2025:23:17:46 +0000] "GET /api/auth/me?getFullData=true HTTP/1.1" 304 -
::1 - - [15/May/2025:23:17:46 +0000] "GET /api/auth/me?getFullData=false HTTP/1.1" 304 -
::1 - - [15/May/2025:23:17:46 +0000] "GET /api/rooms/8350d8b9-ee6b-4ec7-bba8-b734bdedab74 HTTP/1.1" 304 -
::1 - - [15/May/2025:23:17:46 +0000] "GET /api/auth/me?getFullData=true HTTP/1.1" 304 -
::1 - - [15/May/2025:23:17:46 +0000] "GET /api/auth/me?getFullData=true HTTP/1.1" 304 -
::1 - - [15/May/2025:23:17:46 +0000] "GET /api/rooms/8350d8b9-ee6b-4ec7-bba8-b734bdedab74 HTTP/1.1" 304 -
::1 - - [15/May/2025:23:17:46 +0000] "GET /api/rooms/8350d8b9-ee6b-4ec7-bba8-b734bdedab74 HTTP/1.1" 304 -
::1 - - [15/May/2025:23:24:07 +0000] "GET /api/auth/me?getFullData=false HTTP/1.1" 304 -
::1 - - [15/May/2025:23:24:07 +0000] "GET /api/auth/me?getFullData=true HTTP/1.1" 304 -
::1 - - [15/May/2025:23:24:07 +0000] "GET /api/rooms/8350d8b9-ee6b-4ec7-bba8-b734bdedab74 HTTP/1.1" 200 25073
::1 - - [15/May/2025:23:24:49 +0000] "GET /api/rooms/8350d8b9-ee6b-4ec7-bba8-b734bdedab74?cursor=149d78c9-b377-44de-954e-23339c4fadc9 HTTP/1.1" 200 25104
::1 - - [15/May/2025:23:26:28 +0000] "GET /api/auth/me?getFullData=false HTTP/1.1" 304 -
::1 - - [15/May/2025:23:26:28 +0000] "GET /api/auth/me?getFullData=true HTTP/1.1" 304 -
::1 - - [15/May/2025:23:26:28 +0000] "GET /api/rooms/8350d8b9-ee6b-4ec7-bba8-b734bdedab74 HTTP/1.1" 200 25073
::1 - - [16/May/2025:13:52:23 +0000] "GET /api/auth/me?getFullData=false HTTP/1.1" 304 -
::1 - - [16/May/2025:13:52:23 +0000] "GET /api/auth/me?getFullData=true HTTP/1.1" 304 -
::1 - - [16/May/2025:13:52:23 +0000] "GET /api/rooms/my HTTP/1.1" 200 1196
::1 - - [16/May/2025:13:52:23 +0000] "GET /api/auth/me?getFullData=true HTTP/1.1" 304 -
::1 - - [16/May/2025:13:52:23 +0000] "GET /api/rooms/8350d8b9-ee6b-4ec7-bba8-b734bdedab74 HTTP/1.1" 304 -
::1 - - [16/May/2025:13:52:24 +0000] "GET /api/auth/me?getFullData=true HTTP/1.1" 304 -
::1 - - [16/May/2025:13:52:24 +0000] "GET /api/rooms/8350d8b9-ee6b-4ec7-bba8-b734bdedab74 HTTP/1.1" 304 -
::1 - - [16/May/2025:13:53:49 +0000] "GET /api/auth/me?getFullData=false HTTP/1.1" 304 -
::1 - - [16/May/2025:13:53:49 +0000] "GET /api/auth/me?getFullData=true HTTP/1.1" 304 -
::1 - - [16/May/2025:13:53:49 +0000] "GET /api/rooms/8350d8b9-ee6b-4ec7-bba8-b734bdedab74 HTTP/1.1" 200 24696
::1 - - [16/May/2025:13:55:00 +0000] "GET /api/auth/me?getFullData=false HTTP/1.1" 200 1231
::1 - - [16/May/2025:13:55:00 +0000] "GET /api/auth/me?getFullData=true HTTP/1.1" 200 1231
::1 - - [16/May/2025:13:55:00 +0000] "GET /api/rooms/8350d8b9-ee6b-4ec7-bba8-b734bdedab74 HTTP/1.1" 200 24696
::1 - - [16/May/2025:13:56:07 +0000] "GET /api/auth/me?getFullData=false HTTP/1.1" 304 -
::1 - - [16/May/2025:13:56:07 +0000] "GET /api/auth/me?getFullData=true HTTP/1.1" 304 -
::1 - - [16/May/2025:13:56:07 +0000] "GET /api/rooms/8350d8b9-ee6b-4ec7-bba8-b734bdedab74 HTTP/1.1" 304 -
::1 - - [16/May/2025:13:56:24 +0000] "GET /api/auth/me?getFullData=false HTTP/1.1" 304 -
::1 - - [16/May/2025:13:56:24 +0000] "GET /api/auth/me?getFullData=true HTTP/1.1" 304 -
::1 - - [16/May/2025:13:56:24 +0000] "GET /api/rooms/8350d8b9-ee6b-4ec7-bba8-b734bdedab74 HTTP/1.1" 304 -
::1 - - [16/May/2025:13:56:38 +0000] "GET /api/auth/me?getFullData=false HTTP/1.1" 304 -
::1 - - [16/May/2025:13:56:39 +0000] "GET /api/auth/me?getFullData=true HTTP/1.1" 304 -
::1 - - [16/May/2025:13:56:39 +0000] "GET /api/rooms/8350d8b9-ee6b-4ec7-bba8-b734bdedab74 HTTP/1.1" 304 -
::1 - - [16/May/2025:13:57:04 +0000] "GET /api/auth/me?getFullData=false HTTP/1.1" 304 -
::1 - - [16/May/2025:13:57:04 +0000] "GET /api/auth/me?getFullData=true HTTP/1.1" 304 -
::1 - - [16/May/2025:13:57:04 +0000] "GET /api/rooms/8350d8b9-ee6b-4ec7-bba8-b734bdedab74 HTTP/1.1" 304 -
::1 - - [16/May/2025:13:57:16 +0000] "GET /api/auth/me?getFullData=false HTTP/1.1" 200 1231
::1 - - [16/May/2025:13:57:16 +0000] "GET /api/auth/me?getFullData=true HTTP/1.1" 200 1231
::1 - - [16/May/2025:13:57:17 +0000] "GET /api/rooms/8350d8b9-ee6b-4ec7-bba8-b734bdedab74 HTTP/1.1" 200 24696
::1 - - [16/May/2025:13:59:48 +0000] "GET /api/rooms/8350d8b9-ee6b-4ec7-bba8-b734bdedab74 HTTP/1.1" 200 24696
::1 - - [16/May/2025:13:59:55 +0000] "GET /api/auth/me?getFullData=false HTTP/1.1" 200 1330
::1 - - [16/May/2025:13:59:55 +0000] "GET /api/auth/me?getFullData=true HTTP/1.1" 200 1330
::1 - - [16/May/2025:13:59:56 +0000] "GET /api/rooms/8350d8b9-ee6b-4ec7-bba8-b734bdedab74 HTTP/1.1" 304 -
::1 - - [16/May/2025:14:01:16 +0000] "GET /api/auth/me?getFullData=false HTTP/1.1" 200 1231
::1 - - [16/May/2025:14:01:16 +0000] "GET /api/auth/me?getFullData=true HTTP/1.1" 200 1231
::1 - - [16/May/2025:14:01:16 +0000] "GET /api/rooms/8350d8b9-ee6b-4ec7-bba8-b734bdedab74 HTTP/1.1" 200 24793
::1 - - [16/May/2025:14:05:02 +0000] "GET /api/auth/me?getFullData=false HTTP/1.1" 304 -
::1 - - [16/May/2025:14:05:02 +0000] "GET /api/auth/me?getFullData=true HTTP/1.1" 304 -
::1 - - [16/May/2025:14:05:02 +0000] "GET /api/auth/me?getFullData=false HTTP/1.1" 304 -
::1 - - [16/May/2025:14:05:02 +0000] "GET /api/rooms/8350d8b9-ee6b-4ec7-bba8-b734bdedab74 HTTP/1.1" 200 24700
::1 - - [16/May/2025:14:05:02 +0000] "GET /api/auth/me?getFullData=true HTTP/1.1" 304 -
::1 - - [16/May/2025:14:05:03 +0000] "GET /api/rooms/8350d8b9-ee6b-4ec7-bba8-b734bdedab74 HTTP/1.1" 200 24700
::1 - - [16/May/2025:14:06:34 +0000] "GET /api/auth/me?getFullData=false HTTP/1.1" 200 1231
::1 - - [16/May/2025:14:06:34 +0000] "GET /api/auth/me?getFullData=true HTTP/1.1" 200 1231
::1 - - [16/May/2025:14:06:34 +0000] "GET /api/rooms/8350d8b9-ee6b-4ec7-bba8-b734bdedab74 HTTP/1.1" 200 25074
::1 - - [16/May/2025:14:06:36 +0000] "GET /api/auth/me?getFullData=false HTTP/1.1" 304 -
::1 - - [16/May/2025:14:06:36 +0000] "GET /api/auth/me?getFullData=true HTTP/1.1" 304 -
::1 - - [16/May/2025:14:06:36 +0000] "GET /api/rooms/8350d8b9-ee6b-4ec7-bba8-b734bdedab74 HTTP/1.1" 200 25074
::1 - - [16/May/2025:14:07:29 +0000] "GET /api/auth/me?getFullData=false HTTP/1.1" 304 -
::1 - - [16/May/2025:14:07:29 +0000] "GET /api/auth/me?getFullData=false HTTP/1.1" 304 -
::1 - - [16/May/2025:14:07:29 +0000] "GET /api/auth/me?getFullData=true HTTP/1.1" 304 -
::1 - - [16/May/2025:14:07:29 +0000] "GET /api/auth/me?getFullData=true HTTP/1.1" 304 -
::1 - - [16/May/2025:14:07:29 +0000] "GET /api/rooms/8350d8b9-ee6b-4ec7-bba8-b734bdedab74 HTTP/1.1" 304 -
::1 - - [16/May/2025:14:07:29 +0000] "GET /api/rooms/8350d8b9-ee6b-4ec7-bba8-b734bdedab74 HTTP/1.1" 304 -
::1 - - [16/May/2025:14:22:39 +0000] "GET /api/rooms/8350d8b9-ee6b-4ec7-bba8-b734bdedab74?cursor=4aca8434-54c6-497f-8fab-65b169c64822 HTTP/1.1" 200 25086
::1 - - [16/May/2025:14:22:41 +0000] "GET /api/rooms/8350d8b9-ee6b-4ec7-bba8-b734bdedab74?cursor=ee361341-515b-4400-8e21-07d7f13b75b4 HTTP/1.1" 200 25433
::1 - - [16/May/2025:14:35:29 +0000] "GET /api/auth/me?getFullData=false HTTP/1.1" 200 1231
::1 - - [16/May/2025:14:35:29 +0000] "GET /api/auth/me?getFullData=false HTTP/1.1" 200 1330
::1 - - [16/May/2025:14:35:29 +0000] "GET /api/auth/me?getFullData=true HTTP/1.1" 200 1231
::1 - - [16/May/2025:14:35:29 +0000] "GET /api/auth/me?getFullData=true HTTP/1.1" 200 1330
::1 - - [16/May/2025:14:35:29 +0000] "GET /api/rooms/8350d8b9-ee6b-4ec7-bba8-b734bdedab74 HTTP/1.1" 200 25074
::1 - - [16/May/2025:14:35:30 +0000] "GET /api/rooms/8350d8b9-ee6b-4ec7-bba8-b734bdedab74 HTTP/1.1" 200 25074
::1 - - [16/May/2025:14:36:23 +0000] "GET /api/auth/me?getFullData=false HTTP/1.1" 304 -
::1 - - [16/May/2025:14:36:23 +0000] "GET /api/auth/me?getFullData=true HTTP/1.1" 304 -
::1 - - [16/May/2025:14:36:24 +0000] "GET /api/rooms/8350d8b9-ee6b-4ec7-bba8-b734bdedab74 HTTP/1.1" 200 25073
::1 - - [17/May/2025:22:18:52 +0000] "GET /api/auth/me?getFullData=false HTTP/1.1" 200 1231
::1 - - [17/May/2025:22:18:53 +0000] "GET /api/auth/me?getFullData=true HTTP/1.1" 200 1231
::1 - - [17/May/2025:22:18:53 +0000] "GET /api/rooms/my HTTP/1.1" 200 1196
::1 - - [17/May/2025:22:20:07 +0000] "GET /api/auth/me?getFullData=false HTTP/1.1" 304 -
::1 - - [17/May/2025:22:20:07 +0000] "GET /api/auth/me?getFullData=true HTTP/1.1" 304 -
::1 - - [17/May/2025:22:20:07 +0000] "GET /api/rooms/my HTTP/1.1" 304 -
::1 - - [17/May/2025:22:20:10 +0000] "GET /api/auth/me?getFullData=true HTTP/1.1" 304 -
::1 - - [17/May/2025:22:20:10 +0000] "GET /api/rooms/8350d8b9-ee6b-4ec7-bba8-b734bdedab74 HTTP/1.1" 200 25068
::1 - - [17/May/2025:22:20:12 +0000] "GET /api/auth/me?getFullData=true HTTP/1.1" 304 -
::1 - - [17/May/2025:22:20:12 +0000] "GET /api/rooms/8350d8b9-ee6b-4ec7-bba8-b734bdedab74 HTTP/1.1" 304 -
::1 - - [17/May/2025:22:20:12 +0000] "GET /api/auth/me?getFullData=true HTTP/1.1" 304 -
::1 - - [17/May/2025:22:20:13 +0000] "GET /api/rooms/8350d8b9-ee6b-4ec7-bba8-b734bdedab74 HTTP/1.1" 304 -
::1 - - [17/May/2025:22:20:16 +0000] "GET /api/rooms/8350d8b9-ee6b-4ec7-bba8-b734bdedab74?cursor=d1aa00d6-aad4-41e5-a878-aa9a7ba63d98 HTTP/1.1" 200 25107
::1 - - [17/May/2025:22:20:19 +0000] "GET /api/auth/me?getFullData=true HTTP/1.1" 304 -
::1 - - [17/May/2025:22:20:19 +0000] "GET /api/rooms/my HTTP/1.1" 304 -
::1 - - [17/May/2025:22:20:22 +0000] "GET /api/auth/me?getFullData=true HTTP/1.1" 304 -
::1 - - [17/May/2025:22:20:22 +0000] "GET /api/rooms/8350d8b9-ee6b-4ec7-bba8-b734bdedab74 HTTP/1.1" 304 -
::1 - - [17/May/2025:22:20:22 +0000] "GET /api/auth/me?getFullData=true HTTP/1.1" 304 -
::1 - - [17/May/2025:22:20:22 +0000] "GET /api/rooms/8350d8b9-ee6b-4ec7-bba8-b734bdedab74 HTTP/1.1" 304 -
::1 - - [17/May/2025:22:20:25 +0000] "GET /api/rooms/8350d8b9-ee6b-4ec7-bba8-b734bdedab74?cursor=d1aa00d6-aad4-41e5-a878-aa9a7ba63d98 HTTP/1.1" 304 -
::1 - - [17/May/2025:22:20:28 +0000] "GET /api/auth/me?getFullData=true HTTP/1.1" 304 -
::1 - - [17/May/2025:22:20:28 +0000] "GET /api/rooms/my HTTP/1.1" 304 -
::1 - - [17/May/2025:22:21:35 +0000] "GET /api/auth/me?getFullData=false HTTP/1.1" 200 1231
::1 - - [17/May/2025:22:21:35 +0000] "GET /api/auth/me?getFullData=true HTTP/1.1" 200 1231
::1 - - [17/May/2025:22:21:36 +0000] "GET /api/rooms/8350d8b9-ee6b-4ec7-bba8-b734bdedab74 HTTP/1.1" 200 25068
::1 - - [17/May/2025:22:21:39 +0000] "GET /api/auth/me?getFullData=true HTTP/1.1" 304 -
::1 - - [17/May/2025:22:21:39 +0000] "GET /api/rooms/my HTTP/1.1" 200 1196
::1 - - [17/May/2025:22:21:49 +0000] "GET /api/auth/me?getFullData=true HTTP/1.1" 304 -
::1 - - [17/May/2025:22:21:49 +0000] "GET /api/rooms/8350d8b9-ee6b-4ec7-bba8-b734bdedab74 HTTP/1.1" 304 -
::1 - - [17/May/2025:22:21:49 +0000] "GET /api/auth/me?getFullData=true HTTP/1.1" 304 -
::1 - - [17/May/2025:22:21:49 +0000] "GET /api/rooms/8350d8b9-ee6b-4ec7-bba8-b734bdedab74 HTTP/1.1" 304 -
::1 - - [17/May/2025:22:23:59 +0000] "GET /api/auth/me?getFullData=true HTTP/1.1" 200 1231
::1 - - [17/May/2025:22:23:59 +0000] "GET /api/rooms/my HTTP/1.1" 200 1196
::1 - - [17/May/2025:22:24:23 +0000] "GET /api/auth/me?getFullData=true HTTP/1.1" 200 1231
::1 - - [17/May/2025:22:24:23 +0000] "GET /api/rooms/8350d8b9-ee6b-4ec7-bba8-b734bdedab74 HTTP/1.1" 200 25068
::1 - - [17/May/2025:22:24:27 +0000] "GET /api/auth/me?getFullData=true HTTP/1.1" 304 -
::1 - - [17/May/2025:22:24:27 +0000] "GET /api/rooms/my HTTP/1.1" 200 1196
::1 - - [17/May/2025:22:24:32 +0000] "GET /api/auth/me?getFullData=true HTTP/1.1" 304 -
::1 - - [17/May/2025:22:24:32 +0000] "GET /api/rooms/8350d8b9-ee6b-4ec7-bba8-b734bdedab74 HTTP/1.1" 304 -
::1 - - [17/May/2025:22:25:01 +0000] "GET /api/rooms/8350d8b9-ee6b-4ec7-bba8-b734bdedab74?cursor=d1aa00d6-aad4-41e5-a878-aa9a7ba63d98 HTTP/1.1" 200 25107
::1 - - [17/May/2025:22:31:52 +0000] "GET /api/auth/me?getFullData=false HTTP/1.1" 200 1231
::1 - - [17/May/2025:22:31:52 +0000] "GET /api/auth/me?getFullData=true HTTP/1.1" 304 -
::1 - - [17/May/2025:22:31:52 +0000] "GET /api/rooms/8350d8b9-ee6b-4ec7-bba8-b734bdedab74 HTTP/1.1" 304 -
::1 - - [17/May/2025:22:33:01 +0000] "GET /api/auth/me?getFullData=false HTTP/1.1" 304 -
::1 - - [17/May/2025:22:33:01 +0000] "GET /api/auth/me?getFullData=true HTTP/1.1" 304 -
::1 - - [17/May/2025:22:33:01 +0000] "GET /api/rooms/8350d8b9-ee6b-4ec7-bba8-b734bdedab74 HTTP/1.1" 304 -
::1 - - [17/May/2025:22:52:45 +0000] "GET /api/auth/me?getFullData=false HTTP/1.1" 304 -
::1 - - [17/May/2025:22:52:45 +0000] "GET /api/auth/me?getFullData=true HTTP/1.1" 304 -
::1 - - [17/May/2025:22:52:45 +0000] "GET /api/rooms/8350d8b9-ee6b-4ec7-bba8-b734bdedab74 HTTP/1.1" 200 25068
::1 - - [17/May/2025:22:53:02 +0000] "GET /api/auth/me?getFullData=false HTTP/1.1" 304 -
::1 - - [17/May/2025:22:53:02 +0000] "GET /api/auth/me?getFullData=true HTTP/1.1" 304 -
::1 - - [17/May/2025:22:53:02 +0000] "GET /api/rooms/8350d8b9-ee6b-4ec7-bba8-b734bdedab74 HTTP/1.1" 200 25075
::1 - - [17/May/2025:22:53:29 +0000] "GET /api/auth/me?getFullData=false HTTP/1.1" 304 -
::1 - - [17/May/2025:22:53:29 +0000] "GET /api/auth/me?getFullData=true HTTP/1.1" 304 -
::1 - - [17/May/2025:22:53:30 +0000] "GET /api/rooms/8350d8b9-ee6b-4ec7-bba8-b734bdedab74 HTTP/1.1" 200 25079
::1 - - [17/May/2025:22:57:05 +0000] "GET /api/auth/me?getFullData=false HTTP/1.1" 304 -
::1 - - [17/May/2025:22:57:06 +0000] "GET /api/auth/me?getFullData=true HTTP/1.1" 304 -
::1 - - [17/May/2025:22:57:06 +0000] "GET /api/rooms/8350d8b9-ee6b-4ec7-bba8-b734bdedab74 HTTP/1.1" 304 -
::1 - - [17/May/2025:22:57:06 +0000] "GET /api/auth/me?getFullData=false HTTP/1.1" 304 -
::1 - - [17/May/2025:22:57:06 +0000] "GET /api/auth/me?getFullData=true HTTP/1.1" 304 -
::1 - - [17/May/2025:22:57:07 +0000] "GET /api/rooms/8350d8b9-ee6b-4ec7-bba8-b734bdedab74 HTTP/1.1" 304 -
::1 - - [17/May/2025:22:57:08 +0000] "GET /api/auth/me?getFullData=false HTTP/1.1" 304 -
::1 - - [17/May/2025:22:57:09 +0000] "GET /api/auth/me?getFullData=true HTTP/1.1" 304 -
::1 - - [17/May/2025:22:57:09 +0000] "GET /api/rooms/8350d8b9-ee6b-4ec7-bba8-b734bdedab74 HTTP/1.1" 304 -
::1 - - [17/May/2025:22:57:09 +0000] "GET /api/auth/me?getFullData=false HTTP/1.1" 304 -
::1 - - [17/May/2025:22:57:09 +0000] "GET /api/auth/me?getFullData=true HTTP/1.1" 304 -
::1 - - [17/May/2025:22:57:09 +0000] "GET /api/rooms/8350d8b9-ee6b-4ec7-bba8-b734bdedab74 HTTP/1.1" 304 -
::1 - - [17/May/2025:22:57:10 +0000] "GET /api/auth/me?getFullData=false HTTP/1.1" 304 -
::1 - - [17/May/2025:22:57:10 +0000] "GET /api/auth/me?getFullData=true HTTP/1.1" 304 -
::1 - - [17/May/2025:22:57:10 +0000] "GET /api/rooms/8350d8b9-ee6b-4ec7-bba8-b734bdedab74 HTTP/1.1" 304 -
::1 - - [17/May/2025:22:57:11 +0000] "GET /api/auth/me?getFullData=false HTTP/1.1" 304 -
::1 - - [17/May/2025:22:57:11 +0000] "GET /api/auth/me?getFullData=true HTTP/1.1" 304 -
::1 - - [17/May/2025:22:57:11 +0000] "GET /api/rooms/8350d8b9-ee6b-4ec7-bba8-b734bdedab74 HTTP/1.1" 304 -
::1 - - [17/May/2025:22:57:27 +0000] "GET /api/auth/me?getFullData=false HTTP/1.1" 304 -
::1 - - [17/May/2025:22:57:27 +0000] "GET /api/auth/me?getFullData=true HTTP/1.1" 304 -
::1 - - [17/May/2025:22:57:27 +0000] "GET /api/rooms/8350d8b9-ee6b-4ec7-bba8-b734bdedab74 HTTP/1.1" 304 -
::1 - - [17/May/2025:22:57:28 +0000] "GET /api/auth/me?getFullData=false HTTP/1.1" 304 -
::1 - - [17/May/2025:22:57:28 +0000] "GET /api/auth/me?getFullData=true HTTP/1.1" 304 -
::1 - - [17/May/2025:22:57:28 +0000] "GET /api/rooms/8350d8b9-ee6b-4ec7-bba8-b734bdedab74 HTTP/1.1" 304 -
::1 - - [17/May/2025:22:57:31 +0000] "GET /api/auth/me?getFullData=false HTTP/1.1" 304 -
::1 - - [17/May/2025:22:57:31 +0000] "GET /api/auth/me?getFullData=true HTTP/1.1" 304 -
::1 - - [17/May/2025:22:57:31 +0000] "GET /api/rooms/8350d8b9-ee6b-4ec7-bba8-b734bdedab74 HTTP/1.1" 304 -
::1 - - [17/May/2025:22:57:31 +0000] "GET /api/auth/me?getFullData=false HTTP/1.1" 304 -
::1 - - [17/May/2025:22:57:32 +0000] "GET /api/auth/me?getFullData=true HTTP/1.1" 304 -
::1 - - [17/May/2025:22:57:32 +0000] "GET /api/rooms/8350d8b9-ee6b-4ec7-bba8-b734bdedab74 HTTP/1.1" 304 -
::1 - - [17/May/2025:22:57:33 +0000] "GET /api/auth/me?getFullData=false HTTP/1.1" 304 -
::1 - - [17/May/2025:22:57:33 +0000] "GET /api/auth/me?getFullData=true HTTP/1.1" 304 -
::1 - - [17/May/2025:22:57:33 +0000] "GET /api/rooms/8350d8b9-ee6b-4ec7-bba8-b734bdedab74 HTTP/1.1" 304 -
::1 - - [17/May/2025:22:57:33 +0000] "GET /api/auth/me?getFullData=false HTTP/1.1" 304 -
::1 - - [17/May/2025:22:57:33 +0000] "GET /api/auth/me?getFullData=true HTTP/1.1" 304 -
::1 - - [17/May/2025:22:57:34 +0000] "GET /api/rooms/8350d8b9-ee6b-4ec7-bba8-b734bdedab74 HTTP/1.1" 304 -
::1 - - [17/May/2025:22:57:36 +0000] "GET /api/auth/me?getFullData=false HTTP/1.1" 304 -
::1 - - [17/May/2025:22:57:36 +0000] "GET /api/auth/me?getFullData=true HTTP/1.1" 304 -
::1 - - [17/May/2025:22:57:36 +0000] "GET /api/rooms/8350d8b9-ee6b-4ec7-bba8-b734bdedab74 HTTP/1.1" 304 -
::1 - - [17/May/2025:22:57:37 +0000] "GET /api/auth/me?getFullData=false HTTP/1.1" 304 -
::1 - - [17/May/2025:22:57:37 +0000] "GET /api/auth/me?getFullData=true HTTP/1.1" 304 -
::1 - - [17/May/2025:22:57:37 +0000] "GET /api/rooms/8350d8b9-ee6b-4ec7-bba8-b734bdedab74 HTTP/1.1" 304 -
::1 - - [17/May/2025:22:57:39 +0000] "GET /api/auth/me?getFullData=false HTTP/1.1" 304 -
::1 - - [17/May/2025:22:57:39 +0000] "GET /api/auth/me?getFullData=true HTTP/1.1" 304 -
::1 - - [17/May/2025:22:57:39 +0000] "GET /api/rooms/8350d8b9-ee6b-4ec7-bba8-b734bdedab74 HTTP/1.1" 304 -
::1 - - [17/May/2025:22:57:39 +0000] "GET /api/auth/me?getFullData=false HTTP/1.1" 304 -
::1 - - [17/May/2025:22:57:39 +0000] "GET /api/auth/me?getFullData=true HTTP/1.1" 304 -
::1 - - [17/May/2025:22:57:40 +0000] "GET /api/rooms/8350d8b9-ee6b-4ec7-bba8-b734bdedab74 HTTP/1.1" - -
::1 - - [17/May/2025:22:57:40 +0000] "GET /api/auth/me?getFullData=false HTTP/1.1" 304 -
::1 - - [17/May/2025:22:57:40 +0000] "GET /api/auth/me?getFullData=true HTTP/1.1" 304 -
::1 - - [17/May/2025:22:57:40 +0000] "GET /api/rooms/8350d8b9-ee6b-4ec7-bba8-b734bdedab74 HTTP/1.1" 200 25079
::1 - - [17/May/2025:22:57:41 +0000] "GET /api/auth/me?getFullData=false HTTP/1.1" 304 -
::1 - - [17/May/2025:22:57:41 +0000] "GET /api/auth/me?getFullData=true HTTP/1.1" 304 -
::1 - - [17/May/2025:22:57:41 +0000] "GET /api/rooms/8350d8b9-ee6b-4ec7-bba8-b734bdedab74 HTTP/1.1" 304 -
::1 - - [17/May/2025:22:57:45 +0000] "GET /api/auth/me?getFullData=false HTTP/1.1" 304 -
::1 - - [17/May/2025:22:57:45 +0000] "GET /api/auth/me?getFullData=true HTTP/1.1" 304 -
::1 - - [17/May/2025:22:57:45 +0000] "GET /api/rooms/8350d8b9-ee6b-4ec7-bba8-b734bdedab74 HTTP/1.1" 304 -
::1 - - [17/May/2025:22:58:09 +0000] "GET /api/auth/me?getFullData=false HTTP/1.1" 304 -
::1 - - [17/May/2025:22:58:09 +0000] "GET /api/auth/me?getFullData=true HTTP/1.1" 304 -
::1 - - [17/May/2025:22:58:09 +0000] "GET /api/rooms/8350d8b9-ee6b-4ec7-bba8-b734bdedab74 HTTP/1.1" 200 25085
::1 - - [17/May/2025:23:00:50 +0000] "GET /api/auth/me?getFullData=false HTTP/1.1" 304 -
::1 - - [17/May/2025:23:00:51 +0000] "GET /api/auth/me?getFullData=true HTTP/1.1" 304 -
::1 - - [17/May/2025:23:00:51 +0000] "GET /api/rooms/8350d8b9-ee6b-4ec7-bba8-b734bdedab74 HTTP/1.1" 304 -
::1 - - [17/May/2025:23:00:51 +0000] "GET /api/auth/me?getFullData=false HTTP/1.1" 304 -
::1 - - [17/May/2025:23:00:51 +0000] "GET /api/auth/me?getFullData=true HTTP/1.1" 304 -
::1 - - [17/May/2025:23:00:52 +0000] "GET /api/rooms/8350d8b9-ee6b-4ec7-bba8-b734bdedab74 HTTP/1.1" 304 -
::1 - - [17/May/2025:23:02:14 +0000] "GET /api/rooms/8350d8b9-ee6b-4ec7-bba8-b734bdedab74?cursor=d1aa00d6-aad4-41e5-a878-aa9a7ba63d98 HTTP/1.1" 304 -
::1 - - [17/May/2025:23:02:15 +0000] "GET /api/rooms/8350d8b9-ee6b-4ec7-bba8-b734bdedab74?cursor=7d6b2bee-69ff-4791-b3b6-faaf2607a2b2 HTTP/1.1" 200 25428
::1 - - [17/May/2025:23:02:25 +0000] "GET /api/rooms/8350d8b9-ee6b-4ec7-bba8-b734bdedab74?cursor=2f4be709-bea6-4a2b-a971-c75666032522 HTTP/1.1" 200 14565
::1 - - [17/May/2025:23:02:26 +0000] "GET /api/rooms/8350d8b9-ee6b-4ec7-bba8-b734bdedab74?cursor=c8f039de-c168-4671-b988-91a9e8a33787 HTTP/1.1" 200 1217
::1 - - [17/May/2025:23:10:53 +0000] "GET /api/auth/me?getFullData=false HTTP/1.1" 304 -
::1 - - [17/May/2025:23:10:53 +0000] "GET /api/auth/me?getFullData=true HTTP/1.1" 304 -
::1 - - [17/May/2025:23:10:54 +0000] "GET /api/rooms/8350d8b9-ee6b-4ec7-bba8-b734bdedab74 HTTP/1.1" 304 -
::1 - - [17/May/2025:23:13:14 +0000] "GET /api/auth/me?getFullData=false HTTP/1.1" 304 -
::1 - - [17/May/2025:23:13:14 +0000] "GET /api/auth/me?getFullData=true HTTP/1.1" 304 -
::1 - - [17/May/2025:23:13:14 +0000] "GET /api/rooms/8350d8b9-ee6b-4ec7-bba8-b734bdedab74 HTTP/1.1" 304 -
::1 - - [17/May/2025:23:14:08 +0000] "GET /api/auth/me?getFullData=false HTTP/1.1" 304 -
::1 - - [17/May/2025:23:14:08 +0000] "GET /api/auth/me?getFullData=true HTTP/1.1" 304 -
::1 - - [17/May/2025:23:14:09 +0000] "GET /api/rooms/8350d8b9-ee6b-4ec7-bba8-b734bdedab74 HTTP/1.1" 304 -
::1 - - [17/May/2025:23:14:57 +0000] "GET /api/auth/me?getFullData=false HTTP/1.1" 304 -
::1 - - [17/May/2025:23:14:57 +0000] "GET /api/auth/me?getFullData=true HTTP/1.1" 304 -
::1 - - [17/May/2025:23:14:57 +0000] "GET /api/rooms/8350d8b9-ee6b-4ec7-bba8-b734bdedab74 HTTP/1.1" 304 -
::1 - - [17/May/2025:23:16:33 +0000] "GET /api/auth/me?getFullData=false HTTP/1.1" 200 1231
::1 - - [17/May/2025:23:16:33 +0000] "GET /api/auth/me?getFullData=true HTTP/1.1" 200 1231
::1 - - [17/May/2025:23:16:33 +0000] "GET /api/rooms/8350d8b9-ee6b-4ec7-bba8-b734bdedab74 HTTP/1.1" 200 25085
::1 - - [17/May/2025:23:16:42 +0000] "GET /api/auth/me?getFullData=false HTTP/1.1" 304 -
::1 - - [17/May/2025:23:16:42 +0000] "GET /api/auth/me?getFullData=true HTTP/1.1" 304 -
::1 - - [17/May/2025:23:16:42 +0000] "GET /api/rooms/8350d8b9-ee6b-4ec7-bba8-b734bdedab74 HTTP/1.1" 304 -
::1 - - [17/May/2025:23:17:23 +0000] "GET /api/auth/me?getFullData=false HTTP/1.1" 200 1330
::1 - - [17/May/2025:23:17:23 +0000] "GET /api/auth/me?getFullData=true HTTP/1.1" 200 1330
::1 - - [17/May/2025:23:17:23 +0000] "GET /api/rooms/my HTTP/1.1" 200 1196
::1 - - [17/May/2025:23:17:25 +0000] "GET /api/auth/me?getFullData=true HTTP/1.1" 304 -
::1 - - [17/May/2025:23:17:25 +0000] "GET /api/rooms/8350d8b9-ee6b-4ec7-bba8-b734bdedab74 HTTP/1.1" 200 25085
::1 - - [17/May/2025:23:17:25 +0000] "GET /api/auth/me?getFullData=true HTTP/1.1" 304 -
::1 - - [17/May/2025:23:17:25 +0000] "GET /api/rooms/8350d8b9-ee6b-4ec7-bba8-b734bdedab74 HTTP/1.1" 304 -
::1 - - [17/May/2025:23:17:38 +0000] "GET /api/auth/me?getFullData=false HTTP/1.1" 304 -
::1 - - [17/May/2025:23:17:38 +0000] "GET /api/auth/me?getFullData=true HTTP/1.1" 304 -
::1 - - [17/May/2025:23:17:38 +0000] "GET /api/rooms/8350d8b9-ee6b-4ec7-bba8-b734bdedab74 HTTP/1.1" 200 25083
::1 - - [17/May/2025:23:17:55 +0000] "GET /api/auth/me?getFullData=false HTTP/1.1" 304 -
::1 - - [17/May/2025:23:17:55 +0000] "GET /api/auth/me?getFullData=true HTTP/1.1" 304 -
::1 - - [17/May/2025:23:17:55 +0000] "GET /api/rooms/8350d8b9-ee6b-4ec7-bba8-b734bdedab74 HTTP/1.1" 200 25083
::1 - - [17/May/2025:23:20:05 +0000] "GET /api/auth/me?getFullData=false HTTP/1.1" 304 -
::1 - - [17/May/2025:23:20:05 +0000] "GET /api/auth/me?getFullData=true HTTP/1.1" 304 -
::1 - - [17/May/2025:23:20:05 +0000] "GET /api/rooms/8350d8b9-ee6b-4ec7-bba8-b734bdedab74 HTTP/1.1" 200 24810
::1 - - [17/May/2025:23:20:23 +0000] "GET /api/auth/me?getFullData=false HTTP/1.1" 304 -
::1 - - [17/May/2025:23:20:23 +0000] "GET /api/auth/me?getFullData=true HTTP/1.1" 304 -
::1 - - [17/May/2025:23:20:23 +0000] "GET /api/rooms/8350d8b9-ee6b-4ec7-bba8-b734bdedab74 HTTP/1.1" 200 24441
::1 - - [17/May/2025:23:20:24 +0000] "GET /api/auth/me?getFullData=false HTTP/1.1" 304 -
::1 - - [17/May/2025:23:20:24 +0000] "GET /api/auth/me?getFullData=true HTTP/1.1" 304 -
::1 - - [17/May/2025:23:20:24 +0000] "GET /api/rooms/8350d8b9-ee6b-4ec7-bba8-b734bdedab74 HTTP/1.1" 200 24441
::1 - - [17/May/2025:23:20:27 +0000] "GET /api/auth/me?getFullData=true HTTP/1.1" 304 -
::1 - - [17/May/2025:23:20:27 +0000] "GET /api/rooms/my HTTP/1.1" 200 1196
::1 - - [17/May/2025:23:20:28 +0000] "GET /api/auth/me?getFullData=true HTTP/1.1" 304 -
::1 - - [17/May/2025:23:20:28 +0000] "GET /api/rooms/8350d8b9-ee6b-4ec7-bba8-b734bdedab74 HTTP/1.1" 200 24815
::1 - - [17/May/2025:23:20:47 +0000] "GET /api/auth/me?getFullData=true HTTP/1.1" 304 -
::1 - - [17/May/2025:23:20:48 +0000] "GET /api/rooms/my HTTP/1.1" 304 -
::1 - - [17/May/2025:23:20:49 +0000] "GET /api/auth/me?getFullData=false HTTP/1.1" 304 -
::1 - - [17/May/2025:23:20:49 +0000] "GET /api/auth/me?getFullData=false HTTP/1.1" 304 -
::1 - - [17/May/2025:23:20:49 +0000] "GET /api/auth/me?getFullData=true HTTP/1.1" 304 -
::1 - - [17/May/2025:23:20:49 +0000] "GET /api/auth/me?getFullData=true HTTP/1.1" 304 -
::1 - - [17/May/2025:23:20:49 +0000] "GET /api/rooms/my HTTP/1.1" 304 -
::1 - - [17/May/2025:23:20:49 +0000] "GET /api/rooms/8350d8b9-ee6b-4ec7-bba8-b734bdedab74 HTTP/1.1" 200 24815
::1 - - [17/May/2025:23:20:50 +0000] "GET /api/auth/me?getFullData=true HTTP/1.1" 304 -
::1 - - [17/May/2025:23:20:50 +0000] "GET /api/rooms/8350d8b9-ee6b-4ec7-bba8-b734bdedab74 HTTP/1.1" 304 -
::1 - - [17/May/2025:23:20:51 +0000] "GET /api/auth/me?getFullData=true HTTP/1.1" 304 -
::1 - - [17/May/2025:23:20:51 +0000] "GET /api/rooms/8350d8b9-ee6b-4ec7-bba8-b734bdedab74 HTTP/1.1" 304 -
::1 - - [17/May/2025:23:20:53 +0000] "GET /api/auth/me?getFullData=true HTTP/1.1" 304 -
::1 - - [17/May/2025:23:20:53 +0000] "GET /api/rooms/my HTTP/1.1" 304 -
::1 - - [17/May/2025:23:20:54 +0000] "GET /api/auth/me?getFullData=true HTTP/1.1" 304 -
::1 - - [17/May/2025:23:20:54 +0000] "GET /api/rooms/8350d8b9-ee6b-4ec7-bba8-b734bdedab74 HTTP/1.1" 304 -
::1 - - [17/May/2025:23:21:00 +0000] "GET /api/auth/me?getFullData=false HTTP/1.1" 304 -
::1 - - [17/May/2025:23:21:01 +0000] "GET /api/auth/me?getFullData=true HTTP/1.1" 304 -
::1 - - [17/May/2025:23:21:01 +0000] "GET /api/rooms/8350d8b9-ee6b-4ec7-bba8-b734bdedab74 HTTP/1.1" 304 -
::1 - - [17/May/2025:23:21:24 +0000] "GET /api/auth/me?getFullData=false HTTP/1.1" 304 -
::1 - - [17/May/2025:23:21:24 +0000] "GET /api/auth/me?getFullData=true HTTP/1.1" 304 -
::1 - - [17/May/2025:23:21:24 +0000] "GET /api/rooms/8350d8b9-ee6b-4ec7-bba8-b734bdedab74 HTTP/1.1" 200 24713
::1 - - [17/May/2025:23:21:50 +0000] "GET /api/auth/me?getFullData=false HTTP/1.1" 304 -
::1 - - [17/May/2025:23:21:50 +0000] "GET /api/auth/me?getFullData=true HTTP/1.1" 304 -
::1 - - [17/May/2025:23:21:50 +0000] "GET /api/rooms/my HTTP/1.1" 304 -
::1 - - [17/May/2025:23:21:53 +0000] "GET /api/auth/me?getFullData=false HTTP/1.1" 304 -
::1 - - [17/May/2025:23:21:53 +0000] "GET /api/auth/me?getFullData=true HTTP/1.1" 304 -
::1 - - [17/May/2025:23:21:54 +0000] "GET /api/rooms/my HTTP/1.1" 304 -
::1 - - [17/May/2025:23:21:54 +0000] "GET /api/auth/me?getFullData=true HTTP/1.1" 304 -
::1 - - [17/May/2025:23:21:54 +0000] "GET /api/rooms/8350d8b9-ee6b-4ec7-bba8-b734bdedab74 HTTP/1.1" 304 -
::1 - - [17/May/2025:23:21:55 +0000] "GET /api/auth/me?getFullData=true HTTP/1.1" 304 -
::1 - - [17/May/2025:23:21:55 +0000] "GET /api/rooms/8350d8b9-ee6b-4ec7-bba8-b734bdedab74 HTTP/1.1" 200 24713
::1 - - [17/May/2025:23:23:46 +0000] "GET /api/auth/me?getFullData=false HTTP/1.1" 304 -
::1 - - [17/May/2025:23:23:46 +0000] "GET /api/auth/me?getFullData=true HTTP/1.1" 304 -
::1 - - [17/May/2025:23:23:46 +0000] "GET /api/rooms/my HTTP/1.1" 304 -
::1 - - [17/May/2025:23:23:49 +0000] "GET /api/auth/me?getFullData=false HTTP/1.1" 304 -
::1 - - [17/May/2025:23:23:49 +0000] "GET /api/auth/me?getFullData=true HTTP/1.1" 304 -
::1 - - [17/May/2025:23:23:49 +0000] "GET /api/rooms/my HTTP/1.1" 304 -
::1 - - [17/May/2025:23:23:50 +0000] "GET /api/auth/me?getFullData=true HTTP/1.1" 304 -
::1 - - [17/May/2025:23:23:50 +0000] "GET /api/rooms/8350d8b9-ee6b-4ec7-bba8-b734bdedab74 HTTP/1.1" 200 24819
::1 - - [17/May/2025:23:23:51 +0000] "GET /api/auth/me?getFullData=true HTTP/1.1" 304 -
::1 - - [17/May/2025:23:23:52 +0000] "GET /api/rooms/8350d8b9-ee6b-4ec7-bba8-b734bdedab74 HTTP/1.1" 304 -
::1 - - [17/May/2025:23:23:55 +0000] "GET /api/auth/me?getFullData=true HTTP/1.1" 304 -
::1 - - [17/May/2025:23:23:55 +0000] "GET /api/rooms/8350d8b9-ee6b-4ec7-bba8-b734bdedab74 HTTP/1.1" 200 24819
::1 - - [17/May/2025:23:23:55 +0000] "GET /api/auth/me?getFullData=true HTTP/1.1" 304 -
::1 - - [17/May/2025:23:23:56 +0000] "GET /api/rooms/8350d8b9-ee6b-4ec7-bba8-b734bdedab74 HTTP/1.1" 304 -
::1 - - [17/May/2025:23:24:51 +0000] "GET /api/auth/me?getFullData=false HTTP/1.1" 304 -
::1 - - [17/May/2025:23:24:51 +0000] "GET /api/auth/me?getFullData=true HTTP/1.1" 304 -
::1 - - [17/May/2025:23:24:51 +0000] "GET /api/rooms/8350d8b9-ee6b-4ec7-bba8-b734bdedab74 HTTP/1.1" 200 24719
::1 - - [17/May/2025:23:24:53 +0000] "GET /api/auth/me?getFullData=false HTTP/1.1" 304 -
::1 - - [17/May/2025:23:24:53 +0000] "GET /api/auth/me?getFullData=true HTTP/1.1" 304 -
::1 - - [17/May/2025:23:24:53 +0000] "GET /api/rooms/8350d8b9-ee6b-4ec7-bba8-b734bdedab74 HTTP/1.1" 200 24719
::1 - - [17/May/2025:23:25:37 +0000] "GET /api/auth/me?getFullData=false HTTP/1.1" 304 -
::1 - - [17/May/2025:23:25:37 +0000] "GET /api/auth/me?getFullData=true HTTP/1.1" 304 -
::1 - - [17/May/2025:23:25:38 +0000] "GET /api/rooms/my HTTP/1.1" 304 -
::1 - - [17/May/2025:23:25:41 +0000] "GET /api/auth/me?getFullData=false HTTP/1.1" 304 -
::1 - - [17/May/2025:23:25:41 +0000] "GET /api/auth/me?getFullData=true HTTP/1.1" 304 -
::1 - - [17/May/2025:23:25:41 +0000] "GET /api/rooms/my HTTP/1.1" 304 -
::1 - - [17/May/2025:23:25:41 +0000] "GET /api/auth/me?getFullData=true HTTP/1.1" 304 -
::1 - - [17/May/2025:23:25:41 +0000] "GET /api/rooms/8350d8b9-ee6b-4ec7-bba8-b734bdedab74 HTTP/1.1" 200 24833
::1 - - [17/May/2025:23:25:42 +0000] "GET /api/auth/me?getFullData=true HTTP/1.1" 304 -
::1 - - [17/May/2025:23:25:42 +0000] "GET /api/rooms/8350d8b9-ee6b-4ec7-bba8-b734bdedab74 HTTP/1.1" 304 -
::1 - - [17/May/2025:23:25:44 +0000] "GET /api/auth/me?getFullData=true HTTP/1.1" 304 -
::1 - - [17/May/2025:23:25:44 +0000] "GET /api/rooms/8350d8b9-ee6b-4ec7-bba8-b734bdedab74 HTTP/1.1" 200 25108
